<?xml version="1.0" encoding="UTF-8"?>
<!-- Generated by org.testng.reporters.JUnitReportReporter -->
<testsuite skipped="0" hostname="del1-lmac-n01798" name="ApplicationPages.loginPage" tests="3" failures="0" timestamp="23 Nov 2019 06:29:29 GMT" time="1.005" errors="0">
  <testcase name="setup" time="0.685" classname="ApplicationPages.loginPage"/>
  <testcase name="credentials" time="0.268" classname="ApplicationPages.loginPage"/>
  <testcase name="credentialsFail" time="0.052" classname="ApplicationPages.loginPage"/>
</testsuite> <!-- ApplicationPages.loginPage -->
