<?xml version="1.0" encoding="UTF-8"?>
<!-- Generated by org.testng.reporters.JUnitReportReporter -->
<testsuite skipped="0" hostname="DEL1-LHP-N65027" name="tests.test" tests="1" failures="0" timestamp="2019-10-16T11:49:55 IST" time="15.373" errors="0">
  <testcase name="credentials" time="15.373" classname="tests.test"/>
</testsuite> <!-- tests.test -->
