<?xml version="1.0" encoding="UTF-8"?>
<!-- Generated by org.testng.reporters.JUnitReportReporter -->
<testsuite skipped="0" hostname="DEL1-LHP-N65027" name="tests.MyAccount" tests="1" failures="0" timestamp="2019-10-16T11:49:55 IST" time="0.052" errors="0">
  <testcase name="editAccount" time="0.052" classname="tests.MyAccount"/>
</testsuite> <!-- tests.MyAccount -->
