<?xml version="1.0" encoding="UTF-8"?>
<!-- Generated by org.testng.reporters.JUnitReportReporter -->
<testsuite skipped="0" hostname="del1-lmac-n01798.synapse.com" name="ApplicationPages.BasePage" tests="1" failures="0" timestamp="2019-11-20T16:17:31 IST" time="0.747" errors="0">
  <testcase name="setup" time="0.747" classname="ApplicationPages.BasePage"/>
</testsuite> <!-- ApplicationPages.BasePage -->
